#
# An unexpected error has occurred (6)
#
Stack:
/lib/x86_64-linux-gnu/libc.so.6(+0x3ef10) [0x7f233da47f10]
/lib/x86_64-linux-gnu/libc.so.6(gsignal+0xc7) [0x7f233da47e87]
/lib/x86_64-linux-gnu/libc.so.6(abort+0x141) [0x7f233da497f1]
/home/ytq/source/Xilinx/Vivado/2022.2/lib/lnx64.o/Ubuntu/18/libstdc++.so.6(+0x8ba13) [0x7f233e09ca13]
/home/ytq/source/Xilinx/Vivado/2022.2/lib/lnx64.o/Ubuntu/18/libstdc++.so.6(+0x91b86) [0x7f233e0a2b86]
/home/ytq/source/Xilinx/Vivado/2022.2/lib/lnx64.o/Ubuntu/18/libstdc++.so.6(+0x91bc1) [0x7f233e0a2bc1]
/home/ytq/source/Xilinx/Vivado/2022.2/lib/lnx64.o/Ubuntu/18/libstdc++.so.6(+0x928ff) [0x7f233e0a38ff]
/home/ytq/source/Xilinx/Vivado/2022.2/lib/lnx64.o/librdi_wavedata.so(+0x353aee) [0x7f230f282aee]
/home/ytq/source/Xilinx/Vivado/2022.2/lib/lnx64.o/librdi_wavedata.so(SG_Model::WaveformRender::render(SG_Model::WVDataObject const&)+0x84) [0x7f230f28d784]
/home/ytq/source/Xilinx/Vivado/2022.2/lib/lnx64.o/librdi_wavedata.so(WaveViewer::WVWaveformPanel::WaveformTraverser::drawWaveform(SG_Model::WVDataObject const*, int, int)+0x38e) [0x7f230f3084ae]
/home/ytq/source/Xilinx/Vivado/2022.2/lib/lnx64.o/librdi_wavedata.so(WaveViewer::WVWaveformPanel::WaveformTraverser::handleItemSize(WaveViewer::WVTreeWVObjectModel::ITraverseHandler::TraverseItem const&)+0x52) [0x7f230f308782]
/home/ytq/source/Xilinx/Vivado/2022.2/lib/lnx64.o/librdi_wavedata.so(WaveViewer::WVTreeWVObjectModel::traverseYRange(SG_Model::WVDataObject const*, WaveViewer::WVTreeWVObjectModel::ITraverseHandler&, int, int, int&, int&) const+0x234) [0x7f230f2ebd24]
/home/ytq/source/Xilinx/Vivado/2022.2/lib/lnx64.o/librdi_wavedata.so(WaveViewer::WVTreeWVObjectModel::traverseYRange(SG_Model::WVDataObject const*, WaveViewer::WVTreeWVObjectModel::ITraverseHandler&, int, int, int&, int&) const+0x2be) [0x7f230f2ebdae]
/home/ytq/source/Xilinx/Vivado/2022.2/lib/lnx64.o/librdi_wavedata.so(WaveViewer::WVTreeWVObjectModel::traverseYRange(SG_Model::WVDataObject const*, WaveViewer::WVTreeWVObjectModel::ITraverseHandler&, int, int, int&, int&) const+0x2be) [0x7f230f2ebdae]
/home/ytq/source/Xilinx/Vivado/2022.2/lib/lnx64.o/librdi_wavedata.so(WaveViewer::WVTreeWVObjectModel::traverseYRange(WaveViewer::WVTreeWVObjectModel::ITraverseHandler&, int, int) const+0x57) [0x7f230f2ebee7]
/home/ytq/source/Xilinx/Vivado/2022.2/lib/lnx64.o/librdi_wavedata.so(WaveViewer::WVWaveformPanel::getGraphics(HDGDStringStream&, long&)+0x3a9) [0x7f230f307aa9]
/home/ytq/source/Xilinx/Vivado/2022.2/lib/lnx64.o/librdi_wavedata.so(WVExecutiveImp::getGraphicsDataSize()+0x9a) [0x7f230f2c413a]
/home/ytq/source/Xilinx/Vivado/2022.2/lib/lnx64.o/librdi_wavedata.so(WVExecutive::getGraphicsDataSize()+0xf) [0x7f230f2c45af]
/home/ytq/source/Xilinx/Vivado/2022.2/lib/lnx64.o/librdi_wavedata.so(Java_ui_views_waveform_waveformi_WVExecutive_1getGraphicsDataSize+0x17) [0x7f230f310317]
[0x7f22ef4a0184]
