INFO: [VRFC 10-2263] Analyzing Verilog file "/home/ytq/codeField/exercise/PROJ_11_14/LeNet_Accelerator/LeNet_Accelerator.gen/sources_1/ip/acc_mem/sim/acc_mem.v" into library xil_defaultlib
INFO: [VRFC 10-311] analyzing module acc_mem
INFO: [VRFC 10-2263] Analyzing Verilog file "/home/ytq/codeField/exercise/PROJ_11_14/LeNet_Accelerator/LeNet_Accelerator.gen/sources_1/ip/wgt_mem/sim/wgt_mem.v" into library xil_defaultlib
INFO: [VRFC 10-311] analyzing module wgt_mem
INFO: [VRFC 10-2263] Analyzing Verilog file "/home/ytq/codeField/exercise/PROJ_11_14/LeNet_Accelerator/LeNet_Accelerator.gen/sources_1/ip/inp_mem_2/sim/inp_mem.v" into library xil_defaultlib
INFO: [VRFC 10-311] analyzing module inp_mem
INFO: [VRFC 10-2263] Analyzing Verilog file "/home/ytq/codeField/exercise/PROJ_11_14/code/GEMM.v" into library xil_defaultlib
INFO: [VRFC 10-311] analyzing module GEMM
INFO: [VRFC 10-2263] Analyzing Verilog file "/home/ytq/codeField/exercise/PROJ_11_14/code/PE.v" into library xil_defaultlib
INFO: [VRFC 10-311] analyzing module PE
INFO: [VRFC 10-2263] Analyzing Verilog file "/home/ytq/codeField/exercise/PROJ_11_14/code/TOP.v" into library xil_defaultlib
INFO: [VRFC 10-311] analyzing module TOP
INFO: [VRFC 10-2263] Analyzing Verilog file "/home/ytq/codeField/exercise/PROJ_11_14/code/find_max.v" into library xil_defaultlib
INFO: [VRFC 10-311] analyzing module find_max
INFO: [VRFC 10-2263] Analyzing Verilog file "/home/ytq/codeField/exercise/PROJ_11_14/code/mem_data_sync.v" into library xil_defaultlib
INFO: [VRFC 10-311] analyzing module mem_data_sync
INFO: [VRFC 10-2263] Analyzing Verilog file "/home/ytq/codeField/exercise/PROJ_11_14/code/register_sync.v" into library xil_defaultlib
INFO: [VRFC 10-311] analyzing module register_sync
INFO: [VRFC 10-2263] Analyzing Verilog file "/home/ytq/codeField/exercise/PROJ_11_14/code/smg_ip_model.v" into library xil_defaultlib
INFO: [VRFC 10-311] analyzing module smg_ip_model
INFO: [VRFC 10-2263] Analyzing Verilog file "/home/ytq/codeField/exercise/PROJ_11_14/code/TOP_tb.v" into library xil_defaultlib
INFO: [VRFC 10-311] analyzing module tb_TOP
