
*** Running vivado
    with args -log TOP.vds -m64 -product Vivado -mode batch -messageDb vivado.pb -notrace -source TOP.tcl


****** Vivado v2022.2 (64-bit)
  **** SW Build 3671981 on Fri Oct 14 04:59:54 MDT 2022
  **** IP Build 3669848 on Fri Oct 14 08:30:02 MDT 2022
    ** Copyright 1986-2022 Xilinx, Inc. All Rights Reserved.

source TOP.tcl -notrace
Command: synth_design -top TOP -part xc7a35ticpg236-1L
Starting synth_design
Attempting to get a license for feature 'Synthesis' and/or device 'xc7a35ti'
INFO: [Common 17-349] Got license for feature 'Synthesis' and/or device 'xc7a35ti'
INFO: [Synth 8-7079] Multithreading enabled for synth_design using a maximum of 4 processes.
INFO: [Synth 8-7078] Launching helper process for spawning children vivado processes
INFO: [Synth 8-7075] Helper process launched with PID 8498
INFO: [Synth 8-11241] undeclared symbol 'REGCCE', assumed default net type 'wire' [/home/ytq/source/Xilinx/Vivado/2022.2/data/verilog/src/unimacro/BRAM_SINGLE_MACRO.v:2170]
WARNING: [Synth 8-2237] indexed range expression contains whitespace between + and : [/home/ytq/codeField/exercise/PROJ_DIGITAL_LOGIC/code/GEMM.v:35]
WARNING: [Synth 8-2237] indexed range expression contains whitespace between + and : [/home/ytq/codeField/exercise/PROJ_DIGITAL_LOGIC/code/GEMM.v:36]
WARNING: [Synth 8-2237] indexed range expression contains whitespace between + and : [/home/ytq/codeField/exercise/PROJ_DIGITAL_LOGIC/code/GEMM.v:53]
WARNING: [Synth 8-2237] indexed range expression contains whitespace between + and : [/home/ytq/codeField/exercise/PROJ_DIGITAL_LOGIC/code/GEMM.v:53]
WARNING: [Synth 8-2237] indexed range expression contains whitespace between + and : [/home/ytq/codeField/exercise/PROJ_DIGITAL_LOGIC/code/GEMM.v:56]
WARNING: [Synth 8-2237] indexed range expression contains whitespace between + and : [/home/ytq/codeField/exercise/PROJ_DIGITAL_LOGIC/code/GEMM.v:56]
WARNING: [Synth 8-2237] indexed range expression contains whitespace between + and : [/home/ytq/codeField/exercise/PROJ_DIGITAL_LOGIC/code/find_max.v:17]
WARNING: [Synth 8-2237] indexed range expression contains whitespace between + and : [/home/ytq/codeField/exercise/PROJ_DIGITAL_LOGIC/code/find_max.v:17]
WARNING: [Synth 8-2237] indexed range expression contains whitespace between + and : [/home/ytq/codeField/exercise/PROJ_DIGITAL_LOGIC/code/find_max.v:17]
WARNING: [Synth 8-2237] indexed range expression contains whitespace between + and : [/home/ytq/codeField/exercise/PROJ_DIGITAL_LOGIC/code/find_max.v:22]
WARNING: [Synth 8-2237] indexed range expression contains whitespace between + and : [/home/ytq/codeField/exercise/PROJ_DIGITAL_LOGIC/code/find_max.v:24]
WARNING: [Synth 8-6901] identifier 'OUTPUT_CHANNEL' is used before its declaration [/home/ytq/codeField/exercise/PROJ_DIGITAL_LOGIC/code/TOP.v:9]
---------------------------------------------------------------------------------
Starting Synthesize : Time (s): cpu = 00:00:02 ; elapsed = 00:00:02 . Memory (MB): peak = 2148.566 ; gain = 383.707 ; free physical = 40273 ; free virtual = 57553
Synthesis current peak Physical Memory [PSS] (MB): peak = 1544.266; parent = 1331.792; children = 212.474
Synthesis current peak Virtual Memory [VSS] (MB): peak = 3141.410; parent = 2148.570; children = 992.840
---------------------------------------------------------------------------------
INFO: [Synth 8-6157] synthesizing module 'TOP' [/home/ytq/codeField/exercise/PROJ_DIGITAL_LOGIC/code/TOP.v:2]
WARNING: [Synth 8-6896] loop limit (65536) exceeded inside initial block, initial block items will be ignored [/home/ytq/codeField/exercise/PROJ_DIGITAL_LOGIC/code/TOP.v:253]
ERROR: [Synth 8-6086] Memory item 'mem' cannot be referred hierarchically [/home/ytq/codeField/exercise/PROJ_DIGITAL_LOGIC/code/TOP.v:264]
INFO: [Synth 8-3876] $readmem data file '/home/ytq/codeField/exercise/PROJ_DIGITAL_LOGIC/code/data/input.txt' is read successfully [/home/ytq/codeField/exercise/PROJ_DIGITAL_LOGIC/code/TOP.v:264]
ERROR: [Synth 8-6156] failed synthesizing module 'TOP' [/home/ytq/codeField/exercise/PROJ_DIGITAL_LOGIC/code/TOP.v:2]
---------------------------------------------------------------------------------
Finished Synthesize : Time (s): cpu = 00:00:03 ; elapsed = 00:00:03 . Memory (MB): peak = 2242.535 ; gain = 477.676 ; free physical = 40155 ; free virtual = 57435
Synthesis current peak Physical Memory [PSS] (MB): peak = 1663.393; parent = 1450.991; children = 212.474
Synthesis current peak Virtual Memory [VSS] (MB): peak = 3235.379; parent = 2242.539; children = 992.840
---------------------------------------------------------------------------------
synthesize failed
INFO: [Common 17-83] Releasing license: Synthesis
8 Infos, 13 Warnings, 0 Critical Warnings and 3 Errors encountered.
synth_design failed
ERROR: [Common 17-69] Command failed: Vivado Synthesis failed
INFO: [Common 17-206] Exiting Vivado at Thu Nov  9 21:13:59 2023...
